{"/home/marco/Downloads/lecture/phase2/gradedChallenge/gc01-marcoabelz/app.js": {"path":"/home/marco/Downloads/lecture/phase2/gradedChallenge/gc01-marcoabelz/app.js","statementMap":{"0":{"start":{"line":1,"column":0},"end":{"line":3,"column":1}},"1":{"start":{"line":2,"column":4},"end":{"line":2,"column":30}},"2":{"start":{"line":4,"column":16},"end":{"line":4,"column":36}},"3":{"start":{"line":7,"column":16},"end":{"line":7,"column":34}},"4":{"start":{"line":8,"column":12},"end":{"line":8,"column":21}},"5":{"start":{"line":10,"column":21},"end":{"line":10,"column":58}},"6":{"start":{"line":12,"column":0},"end":{"line":12,"column":48}},"7":{"start":{"line":13,"column":0},"end":{"line":13,"column":24}},"8":{"start":{"line":15,"column":0},"end":{"line":15,"column":22}},"9":{"start":{"line":16,"column":0},"end":{"line":16,"column":21}},"10":{"start":{"line":22,"column":0},"end":{"line":22,"column":20}}},"fnMap":{},"branchMap":{"0":{"loc":{"start":{"line":1,"column":0},"end":{"line":3,"column":1}},"type":"if","locations":[{"start":{"line":1,"column":0},"end":{"line":3,"column":1}},{"start":{},"end":{}}],"line":1}},"s":{"0":3,"1":3,"2":3,"3":3,"4":3,"5":3,"6":3,"7":3,"8":3,"9":3,"10":3},"f":{},"b":{"0":[3,0]},"_coverageSchema":"1a1c01bbd47fc00a2c39e90264f33305004495a9","hash":"8ab080c49de2a53641862d84dd34048fbe4a8e75"}
,"/home/marco/Downloads/lecture/phase2/gradedChallenge/gc01-marcoabelz/controllers/TransportationController.js": {"path":"/home/marco/Downloads/lecture/phase2/gradedChallenge/gc01-marcoabelz/controllers/TransportationController.js","statementMap":{"0":{"start":{"line":1,"column":39},"end":{"line":1,"column":59}},"1":{"start":{"line":2,"column":27},"end":{"line":2,"column":48}},"2":{"start":{"line":3,"column":15},"end":{"line":3,"column":35}},"3":{"start":{"line":5,"column":0},"end":{"line":9,"column":3}},"4":{"start":{"line":13,"column":4},"end":{"line":30,"column":5}},"5":{"start":{"line":14,"column":67},"end":{"line":14,"column":75}},"6":{"start":{"line":15,"column":27},"end":{"line":23,"column":8}},"7":{"start":{"line":24,"column":6},"end":{"line":27,"column":9}},"8":{"start":{"line":29,"column":6},"end":{"line":29,"column":18}},"9":{"start":{"line":34,"column":4},"end":{"line":48,"column":5}},"10":{"start":{"line":35,"column":28},"end":{"line":44,"column":8}},"11":{"start":{"line":45,"column":6},"end":{"line":45,"column":48}},"12":{"start":{"line":47,"column":6},"end":{"line":47,"column":18}},"13":{"start":{"line":52,"column":4},"end":{"line":113,"column":5}},"14":{"start":{"line":53,"column":45},"end":{"line":53,"column":54}},"15":{"start":{"line":54,"column":29},"end":{"line":54,"column":31}},"16":{"start":{"line":57,"column":6},"end":{"line":61,"column":7}},"17":{"start":{"line":58,"column":8},"end":{"line":60,"column":10}},"18":{"start":{"line":64,"column":6},"end":{"line":69,"column":7}},"19":{"start":{"line":65,"column":25},"end":{"line":65,"column":57}},"20":{"start":{"line":66,"column":27},"end":{"line":66,"column":69}},"21":{"start":{"line":68,"column":8},"end":{"line":68,"column":56}},"22":{"start":{"line":72,"column":18},"end":{"line":72,"column":20}},"23":{"start":{"line":73,"column":23},"end":{"line":73,"column":24}},"24":{"start":{"line":75,"column":6},"end":{"line":91,"column":7}},"25":{"start":{"line":82,"column":8},"end":{"line":85,"column":9}},"26":{"start":{"line":83,"column":10},"end":{"line":83,"column":29}},"27":{"start":{"line":84,"column":10},"end":{"line":84,"column":39}},"28":{"start":{"line":87,"column":8},"end":{"line":90,"column":9}},"29":{"start":{"line":88,"column":10},"end":{"line":88,"column":36}},"30":{"start":{"line":89,"column":10},"end":{"line":89,"column":59}},"31":{"start":{"line":93,"column":6},"end":{"line":99,"column":7}},"32":{"start":{"line":94,"column":8},"end":{"line":98,"column":10}},"33":{"start":{"line":101,"column":30},"end":{"line":103,"column":7}},"34":{"start":{"line":104,"column":6},"end":{"line":110,"column":9}},"35":{"start":{"line":112,"column":6},"end":{"line":112,"column":18}},"36":{"start":{"line":117,"column":4},"end":{"line":127,"column":5}},"37":{"start":{"line":118,"column":21},"end":{"line":118,"column":31}},"38":{"start":{"line":119,"column":27},"end":{"line":119,"column":60}},"39":{"start":{"line":120,"column":6},"end":{"line":124,"column":7}},"40":{"start":{"line":121,"column":8},"end":{"line":121,"column":35}},"41":{"start":{"line":123,"column":8},"end":{"line":123,"column":49}},"42":{"start":{"line":126,"column":6},"end":{"line":126,"column":18}},"43":{"start":{"line":131,"column":4},"end":{"line":148,"column":5}},"44":{"start":{"line":132,"column":21},"end":{"line":132,"column":31}},"45":{"start":{"line":133,"column":27},"end":{"line":139,"column":8}},"46":{"start":{"line":141,"column":6},"end":{"line":145,"column":7}},"47":{"start":{"line":142,"column":8},"end":{"line":142,"column":35}},"48":{"start":{"line":144,"column":8},"end":{"line":144,"column":49}},"49":{"start":{"line":147,"column":6},"end":{"line":147,"column":18}},"50":{"start":{"line":152,"column":4},"end":{"line":173,"column":5}},"51":{"start":{"line":153,"column":19},"end":{"line":153,"column":29}},"52":{"start":{"line":154,"column":67},"end":{"line":154,"column":75}},"53":{"start":{"line":155,"column":27},"end":{"line":155,"column":60}},"54":{"start":{"line":156,"column":6},"end":{"line":170,"column":7}},"55":{"start":{"line":157,"column":8},"end":{"line":157,"column":35}},"56":{"start":{"line":159,"column":8},"end":{"line":166,"column":11}},"57":{"start":{"line":167,"column":8},"end":{"line":169,"column":72}},"58":{"start":{"line":172,"column":6},"end":{"line":172,"column":18}},"59":{"start":{"line":177,"column":4},"end":{"line":190,"column":5}},"60":{"start":{"line":178,"column":19},"end":{"line":178,"column":29}},"61":{"start":{"line":179,"column":27},"end":{"line":179,"column":60}},"62":{"start":{"line":180,"column":6},"end":{"line":187,"column":7}},"63":{"start":{"line":181,"column":8},"end":{"line":181,"column":35}},"64":{"start":{"line":183,"column":8},"end":{"line":183,"column":39}},"65":{"start":{"line":184,"column":8},"end":{"line":186,"column":73}},"66":{"start":{"line":189,"column":6},"end":{"line":189,"column":18}},"67":{"start":{"line":194,"column":4},"end":{"line":217,"column":5}},"68":{"start":{"line":195,"column":6},"end":{"line":200,"column":7}},"69":{"start":{"line":196,"column":8},"end":{"line":199,"column":10}},"70":{"start":{"line":201,"column":21},"end":{"line":201,"column":68}},"71":{"start":{"line":202,"column":27},"end":{"line":202,"column":71}},"72":{"start":{"line":203,"column":19},"end":{"line":203,"column":65}},"73":{"start":{"line":204,"column":17},"end":{"line":204,"column":61}},"74":{"start":{"line":205,"column":6},"end":{"line":205,"column":44}},"75":{"start":{"line":205,"column":17},"end":{"line":205,"column":44}},"76":{"start":{"line":206,"column":6},"end":{"line":213,"column":8}},"77":{"start":{"line":214,"column":6},"end":{"line":214,"column":79}},"78":{"start":{"line":216,"column":6},"end":{"line":216,"column":18}},"79":{"start":{"line":221,"column":0},"end":{"line":221,"column":42}}},"fnMap":{"0":{"name":"(anonymous_0)","decl":{"start":{"line":12,"column":2},"end":{"line":12,"column":3}},"loc":{"start":{"line":12,"column":49},"end":{"line":31,"column":3}},"line":12},"1":{"name":"(anonymous_1)","decl":{"start":{"line":33,"column":2},"end":{"line":33,"column":3}},"loc":{"start":{"line":33,"column":50},"end":{"line":49,"column":3}},"line":33},"2":{"name":"(anonymous_2)","decl":{"start":{"line":51,"column":2},"end":{"line":51,"column":3}},"loc":{"start":{"line":51,"column":56},"end":{"line":114,"column":3}},"line":51},"3":{"name":"(anonymous_3)","decl":{"start":{"line":116,"column":2},"end":{"line":116,"column":3}},"loc":{"start":{"line":116,"column":53},"end":{"line":128,"column":3}},"line":116},"4":{"name":"(anonymous_4)","decl":{"start":{"line":130,"column":2},"end":{"line":130,"column":3}},"loc":{"start":{"line":130,"column":59},"end":{"line":149,"column":3}},"line":130},"5":{"name":"(anonymous_5)","decl":{"start":{"line":151,"column":2},"end":{"line":151,"column":3}},"loc":{"start":{"line":151,"column":56},"end":{"line":174,"column":3}},"line":151},"6":{"name":"(anonymous_6)","decl":{"start":{"line":176,"column":2},"end":{"line":176,"column":3}},"loc":{"start":{"line":176,"column":56},"end":{"line":191,"column":3}},"line":176},"7":{"name":"(anonymous_7)","decl":{"start":{"line":193,"column":2},"end":{"line":193,"column":3}},"loc":{"start":{"line":193,"column":41},"end":{"line":218,"column":3}},"line":193}},"branchMap":{"0":{"loc":{"start":{"line":57,"column":6},"end":{"line":61,"column":7}},"type":"if","locations":[{"start":{"line":57,"column":6},"end":{"line":61,"column":7}},{"start":{},"end":{}}],"line":57},"1":{"loc":{"start":{"line":64,"column":6},"end":{"line":69,"column":7}},"type":"if","locations":[{"start":{"line":64,"column":6},"end":{"line":69,"column":7}},{"start":{},"end":{}}],"line":64},"2":{"loc":{"start":{"line":65,"column":25},"end":{"line":65,"column":57}},"type":"cond-expr","locations":[{"start":{"line":65,"column":43},"end":{"line":65,"column":49}},{"start":{"line":65,"column":52},"end":{"line":65,"column":57}}],"line":65},"3":{"loc":{"start":{"line":66,"column":27},"end":{"line":66,"column":69}},"type":"cond-expr","locations":[{"start":{"line":66,"column":49},"end":{"line":66,"column":62}},{"start":{"line":66,"column":65},"end":{"line":66,"column":69}}],"line":66},"4":{"loc":{"start":{"line":75,"column":6},"end":{"line":91,"column":7}},"type":"if","locations":[{"start":{"line":75,"column":6},"end":{"line":91,"column":7}},{"start":{},"end":{}}],"line":75},"5":{"loc":{"start":{"line":82,"column":8},"end":{"line":85,"column":9}},"type":"if","locations":[{"start":{"line":82,"column":8},"end":{"line":85,"column":9}},{"start":{},"end":{}}],"line":82},"6":{"loc":{"start":{"line":87,"column":8},"end":{"line":90,"column":9}},"type":"if","locations":[{"start":{"line":87,"column":8},"end":{"line":90,"column":9}},{"start":{},"end":{}}],"line":87},"7":{"loc":{"start":{"line":93,"column":6},"end":{"line":99,"column":7}},"type":"if","locations":[{"start":{"line":93,"column":6},"end":{"line":99,"column":7}},{"start":{},"end":{}}],"line":93},"8":{"loc":{"start":{"line":120,"column":6},"end":{"line":124,"column":7}},"type":"if","locations":[{"start":{"line":120,"column":6},"end":{"line":124,"column":7}},{"start":{"line":122,"column":13},"end":{"line":124,"column":7}}],"line":120},"9":{"loc":{"start":{"line":141,"column":6},"end":{"line":145,"column":7}},"type":"if","locations":[{"start":{"line":141,"column":6},"end":{"line":145,"column":7}},{"start":{"line":143,"column":13},"end":{"line":145,"column":7}}],"line":141},"10":{"loc":{"start":{"line":156,"column":6},"end":{"line":170,"column":7}},"type":"if","locations":[{"start":{"line":156,"column":6},"end":{"line":170,"column":7}},{"start":{"line":158,"column":13},"end":{"line":170,"column":7}}],"line":156},"11":{"loc":{"start":{"line":180,"column":6},"end":{"line":187,"column":7}},"type":"if","locations":[{"start":{"line":180,"column":6},"end":{"line":187,"column":7}},{"start":{"line":182,"column":13},"end":{"line":187,"column":7}}],"line":180},"12":{"loc":{"start":{"line":195,"column":6},"end":{"line":200,"column":7}},"type":"if","locations":[{"start":{"line":195,"column":6},"end":{"line":200,"column":7}},{"start":{},"end":{}}],"line":195},"13":{"loc":{"start":{"line":205,"column":6},"end":{"line":205,"column":44}},"type":"if","locations":[{"start":{"line":205,"column":6},"end":{"line":205,"column":44}},{"start":{},"end":{}}],"line":205}},"s":{"0":3,"1":3,"2":3,"3":3,"4":2,"5":2,"6":2,"7":1,"8":1,"9":0,"10":0,"11":0,"12":0,"13":3,"14":3,"15":3,"16":3,"17":0,"18":3,"19":1,"20":1,"21":1,"22":3,"23":3,"24":3,"25":1,"26":1,"27":1,"28":1,"29":1,"30":1,"31":3,"32":0,"33":3,"34":3,"35":0,"36":0,"37":0,"38":0,"39":0,"40":0,"41":0,"42":0,"43":2,"44":2,"45":2,"46":2,"47":1,"48":1,"49":1,"50":2,"51":2,"52":2,"53":2,"54":2,"55":0,"56":2,"57":1,"58":1,"59":1,"60":1,"61":1,"62":1,"63":0,"64":1,"65":1,"66":0,"67":0,"68":0,"69":0,"70":0,"71":0,"72":0,"73":0,"74":0,"75":0,"76":0,"77":0,"78":0,"79":3},"f":{"0":2,"1":0,"2":3,"3":0,"4":2,"5":2,"6":1,"7":0},"b":{"0":[0,3],"1":[1,2],"2":[0,1],"3":[0,1],"4":[1,2],"5":[1,0],"6":[1,0],"7":[0,3],"8":[0,0],"9":[1,1],"10":[0,2],"11":[0,1],"12":[0,0],"13":[0,0]},"_coverageSchema":"1a1c01bbd47fc00a2c39e90264f33305004495a9","hash":"1eab68421ff2666fcbb148d8eb1b741d8a3de45a"}
,"/home/marco/Downloads/lecture/phase2/gradedChallenge/gc01-marcoabelz/controllers/TypeController.js": {"path":"/home/marco/Downloads/lecture/phase2/gradedChallenge/gc01-marcoabelz/controllers/TypeController.js","statementMap":{"0":{"start":{"line":1,"column":17},"end":{"line":1,"column":37}},"1":{"start":{"line":5,"column":4},"end":{"line":17,"column":5}},"2":{"start":{"line":6,"column":17},"end":{"line":6,"column":44}},"3":{"start":{"line":7,"column":6},"end":{"line":7,"column":33}},"4":{"start":{"line":9,"column":6},"end":{"line":9,"column":25}},"5":{"start":{"line":10,"column":6},"end":{"line":10,"column":18}},"6":{"start":{"line":21,"column":4},"end":{"line":26,"column":5}},"7":{"start":{"line":22,"column":18},"end":{"line":22,"column":38}},"8":{"start":{"line":23,"column":6},"end":{"line":23,"column":34}},"9":{"start":{"line":25,"column":6},"end":{"line":25,"column":65}},"10":{"start":{"line":30,"column":4},"end":{"line":47,"column":5}},"11":{"start":{"line":31,"column":19},"end":{"line":31,"column":29}},"12":{"start":{"line":32,"column":17},"end":{"line":32,"column":40}},"13":{"start":{"line":33,"column":6},"end":{"line":38,"column":7}},"14":{"start":{"line":34,"column":8},"end":{"line":34,"column":35}},"15":{"start":{"line":36,"column":26},"end":{"line":36,"column":53}},"16":{"start":{"line":37,"column":8},"end":{"line":37,"column":46}},"17":{"start":{"line":40,"column":6},"end":{"line":40,"column":17}},"18":{"start":{"line":51,"column":4},"end":{"line":64,"column":5}},"19":{"start":{"line":52,"column":19},"end":{"line":52,"column":29}},"20":{"start":{"line":53,"column":17},"end":{"line":53,"column":40}},"21":{"start":{"line":54,"column":6},"end":{"line":60,"column":7}},"22":{"start":{"line":55,"column":8},"end":{"line":55,"column":32}},"23":{"start":{"line":58,"column":8},"end":{"line":58,"column":29}},"24":{"start":{"line":59,"column":8},"end":{"line":59,"column":76}},"25":{"start":{"line":62,"column":6},"end":{"line":62,"column":17}},"26":{"start":{"line":68,"column":0},"end":{"line":68,"column":32}}},"fnMap":{"0":{"name":"(anonymous_0)","decl":{"start":{"line":4,"column":2},"end":{"line":4,"column":3}},"loc":{"start":{"line":4,"column":39},"end":{"line":18,"column":3}},"line":4},"1":{"name":"(anonymous_1)","decl":{"start":{"line":20,"column":2},"end":{"line":20,"column":3}},"loc":{"start":{"line":20,"column":40},"end":{"line":27,"column":3}},"line":20},"2":{"name":"(anonymous_2)","decl":{"start":{"line":29,"column":2},"end":{"line":29,"column":3}},"loc":{"start":{"line":29,"column":46},"end":{"line":48,"column":3}},"line":29},"3":{"name":"(anonymous_3)","decl":{"start":{"line":50,"column":2},"end":{"line":50,"column":3}},"loc":{"start":{"line":50,"column":46},"end":{"line":65,"column":3}},"line":50}},"branchMap":{"0":{"loc":{"start":{"line":33,"column":6},"end":{"line":38,"column":7}},"type":"if","locations":[{"start":{"line":33,"column":6},"end":{"line":38,"column":7}},{"start":{"line":35,"column":13},"end":{"line":38,"column":7}}],"line":33},"1":{"loc":{"start":{"line":54,"column":6},"end":{"line":60,"column":7}},"type":"if","locations":[{"start":{"line":54,"column":6},"end":{"line":60,"column":7}},{"start":{"line":57,"column":13},"end":{"line":60,"column":7}}],"line":54}},"s":{"0":3,"1":0,"2":0,"3":0,"4":0,"5":0,"6":0,"7":0,"8":0,"9":0,"10":0,"11":0,"12":0,"13":0,"14":0,"15":0,"16":0,"17":0,"18":0,"19":0,"20":0,"21":0,"22":0,"23":0,"24":0,"25":0,"26":3},"f":{"0":0,"1":0,"2":0,"3":0},"b":{"0":[0,0],"1":[0,0]},"_coverageSchema":"1a1c01bbd47fc00a2c39e90264f33305004495a9","hash":"bc476adefdc5a5cca480e0b4a3cafb2dcdd8a20d"}
,"/home/marco/Downloads/lecture/phase2/gradedChallenge/gc01-marcoabelz/controllers/UserController.js": {"path":"/home/marco/Downloads/lecture/phase2/gradedChallenge/gc01-marcoabelz/controllers/UserController.js","statementMap":{"0":{"start":{"line":1,"column":17},"end":{"line":1,"column":37}},"1":{"start":{"line":2,"column":42},"end":{"line":2,"column":70}},"2":{"start":{"line":3,"column":22},"end":{"line":3,"column":47}},"3":{"start":{"line":7,"column":4},"end":{"line":32,"column":5}},"4":{"start":{"line":8,"column":70},"end":{"line":8,"column":78}},"5":{"start":{"line":9,"column":6},"end":{"line":16,"column":9}},"6":{"start":{"line":17,"column":24},"end":{"line":17,"column":49}},"7":{"start":{"line":18,"column":6},"end":{"line":20,"column":78}},"8":{"start":{"line":23,"column":6},"end":{"line":23,"column":18}},"9":{"start":{"line":37,"column":4},"end":{"line":54,"column":5}},"10":{"start":{"line":39,"column":32},"end":{"line":39,"column":40}},"11":{"start":{"line":40,"column":6},"end":{"line":40,"column":58}},"12":{"start":{"line":40,"column":18},"end":{"line":40,"column":58}},"13":{"start":{"line":41,"column":6},"end":{"line":41,"column":61}},"14":{"start":{"line":41,"column":21},"end":{"line":41,"column":61}},"15":{"start":{"line":42,"column":17},"end":{"line":46,"column":8}},"16":{"start":{"line":47,"column":6},"end":{"line":49,"column":7}},"17":{"start":{"line":48,"column":8},"end":{"line":48,"column":39}},"18":{"start":{"line":50,"column":6},"end":{"line":50,"column":73}},"19":{"start":{"line":53,"column":6},"end":{"line":53,"column":18}},"20":{"start":{"line":58,"column":0},"end":{"line":58,"column":32}}},"fnMap":{"0":{"name":"(anonymous_0)","decl":{"start":{"line":6,"column":2},"end":{"line":6,"column":3}},"loc":{"start":{"line":6,"column":39},"end":{"line":33,"column":3}},"line":6},"1":{"name":"(anonymous_1)","decl":{"start":{"line":36,"column":2},"end":{"line":36,"column":3}},"loc":{"start":{"line":36,"column":37},"end":{"line":55,"column":3}},"line":36}},"branchMap":{"0":{"loc":{"start":{"line":40,"column":6},"end":{"line":40,"column":58}},"type":"if","locations":[{"start":{"line":40,"column":6},"end":{"line":40,"column":58}},{"start":{},"end":{}}],"line":40},"1":{"loc":{"start":{"line":41,"column":6},"end":{"line":41,"column":61}},"type":"if","locations":[{"start":{"line":41,"column":6},"end":{"line":41,"column":61}},{"start":{},"end":{}}],"line":41},"2":{"loc":{"start":{"line":47,"column":6},"end":{"line":49,"column":7}},"type":"if","locations":[{"start":{"line":47,"column":6},"end":{"line":49,"column":7}},{"start":{},"end":{}}],"line":47},"3":{"loc":{"start":{"line":47,"column":10},"end":{"line":47,"column":60}},"type":"binary-expr","locations":[{"start":{"line":47,"column":10},"end":{"line":47,"column":15}},{"start":{"line":47,"column":19},"end":{"line":47,"column":60}}],"line":47}},"s":{"0":3,"1":3,"2":3,"3":0,"4":0,"5":0,"6":0,"7":0,"8":0,"9":5,"10":5,"11":5,"12":1,"13":4,"14":1,"15":3,"16":3,"17":2,"18":1,"19":4,"20":3},"f":{"0":0,"1":5},"b":{"0":[1,4],"1":[1,3],"2":[2,1],"3":[3,1]},"_coverageSchema":"1a1c01bbd47fc00a2c39e90264f33305004495a9","hash":"f55fb1f328d47c99fa29d682b0a86627c2c32e9b"}
,"/home/marco/Downloads/lecture/phase2/gradedChallenge/gc01-marcoabelz/helpers/bcrypt.js": {"path":"/home/marco/Downloads/lecture/phase2/gradedChallenge/gc01-marcoabelz/helpers/bcrypt.js","statementMap":{"0":{"start":{"line":1,"column":34},"end":{"line":1,"column":53}},"1":{"start":{"line":3,"column":0},"end":{"line":10,"column":2}},"2":{"start":{"line":5,"column":4},"end":{"line":5,"column":34}},"3":{"start":{"line":8,"column":4},"end":{"line":8,"column":49}}},"fnMap":{"0":{"name":"(anonymous_0)","decl":{"start":{"line":4,"column":16},"end":{"line":4,"column":17}},"loc":{"start":{"line":4,"column":30},"end":{"line":6,"column":3}},"line":4},"1":{"name":"(anonymous_1)","decl":{"start":{"line":7,"column":19},"end":{"line":7,"column":20}},"loc":{"start":{"line":7,"column":49},"end":{"line":9,"column":3}},"line":7}},"branchMap":{},"s":{"0":3,"1":3,"2":5,"3":1},"f":{"0":5,"1":1},"b":{},"_coverageSchema":"1a1c01bbd47fc00a2c39e90264f33305004495a9","hash":"dc3e30090c7ec348780a919872bd22c31dabf14e"}
,"/home/marco/Downloads/lecture/phase2/gradedChallenge/gc01-marcoabelz/helpers/jwt.js": {"path":"/home/marco/Downloads/lecture/phase2/gradedChallenge/gc01-marcoabelz/helpers/jwt.js","statementMap":{"0":{"start":{"line":2,"column":25},"end":{"line":2,"column":48}},"1":{"start":{"line":3,"column":15},"end":{"line":3,"column":37}},"2":{"start":{"line":5,"column":0},"end":{"line":8,"column":2}},"3":{"start":{"line":6,"column":26},"end":{"line":6,"column":47}},"4":{"start":{"line":7,"column":26},"end":{"line":7,"column":47}}},"fnMap":{"0":{"name":"(anonymous_0)","decl":{"start":{"line":6,"column":13},"end":{"line":6,"column":14}},"loc":{"start":{"line":6,"column":26},"end":{"line":6,"column":47}},"line":6},"1":{"name":"(anonymous_1)","decl":{"start":{"line":7,"column":15},"end":{"line":7,"column":16}},"loc":{"start":{"line":7,"column":26},"end":{"line":7,"column":47}},"line":7}},"branchMap":{},"s":{"0":3,"1":3,"2":3,"3":3,"4":13},"f":{"0":3,"1":13},"b":{},"_coverageSchema":"1a1c01bbd47fc00a2c39e90264f33305004495a9","hash":"da31396aa7724de8df3051a46c6b340daa7ee623"}
,"/home/marco/Downloads/lecture/phase2/gradedChallenge/gc01-marcoabelz/middlewares/authentication.js": {"path":"/home/marco/Downloads/lecture/phase2/gradedChallenge/gc01-marcoabelz/middlewares/authentication.js","statementMap":{"0":{"start":{"line":1,"column":24},"end":{"line":1,"column":49}},"1":{"start":{"line":2,"column":17},"end":{"line":2,"column":37}},"2":{"start":{"line":4,"column":0},"end":{"line":32,"column":2}},"3":{"start":{"line":5,"column":21},"end":{"line":5,"column":46}},"4":{"start":{"line":6,"column":2},"end":{"line":31,"column":3}},"5":{"start":{"line":8,"column":4},"end":{"line":10,"column":5}},"6":{"start":{"line":9,"column":6},"end":{"line":9,"column":34}},"7":{"start":{"line":13,"column":26},"end":{"line":13,"column":49}},"8":{"start":{"line":14,"column":4},"end":{"line":14,"column":58}},"9":{"start":{"line":14,"column":29},"end":{"line":14,"column":58}},"10":{"start":{"line":17,"column":18},"end":{"line":17,"column":36}},"11":{"start":{"line":20,"column":15},"end":{"line":20,"column":46}},"12":{"start":{"line":21,"column":4},"end":{"line":21,"column":43}},"13":{"start":{"line":21,"column":14},"end":{"line":21,"column":43}},"14":{"start":{"line":24,"column":4},"end":{"line":27,"column":5}},"15":{"start":{"line":28,"column":4},"end":{"line":28,"column":10}},"16":{"start":{"line":30,"column":4},"end":{"line":30,"column":16}}},"fnMap":{"0":{"name":"authentication","decl":{"start":{"line":4,"column":32},"end":{"line":4,"column":46}},"loc":{"start":{"line":4,"column":63},"end":{"line":32,"column":1}},"line":4}},"branchMap":{"0":{"loc":{"start":{"line":8,"column":4},"end":{"line":10,"column":5}},"type":"if","locations":[{"start":{"line":8,"column":4},"end":{"line":10,"column":5}},{"start":{},"end":{}}],"line":8},"1":{"loc":{"start":{"line":14,"column":4},"end":{"line":14,"column":58}},"type":"if","locations":[{"start":{"line":14,"column":4},"end":{"line":14,"column":58}},{"start":{},"end":{}}],"line":14},"2":{"loc":{"start":{"line":21,"column":4},"end":{"line":21,"column":43}},"type":"if","locations":[{"start":{"line":21,"column":4},"end":{"line":21,"column":43}},{"start":{},"end":{}}],"line":21}},"s":{"0":3,"1":3,"2":3,"3":15,"4":15,"5":15,"6":2,"7":13,"8":13,"9":0,"10":13,"11":9,"12":9,"13":0,"14":9,"15":9,"16":6},"f":{"0":15},"b":{"0":[2,13],"1":[0,13],"2":[0,9]},"_coverageSchema":"1a1c01bbd47fc00a2c39e90264f33305004495a9","hash":"c92adccfad7b352788f1861d96af7f71a6c0d273"}
,"/home/marco/Downloads/lecture/phase2/gradedChallenge/gc01-marcoabelz/middlewares/authorization.js": {"path":"/home/marco/Downloads/lecture/phase2/gradedChallenge/gc01-marcoabelz/middlewares/authorization.js","statementMap":{"0":{"start":{"line":1,"column":27},"end":{"line":1,"column":47}},"1":{"start":{"line":4,"column":2},"end":{"line":9,"column":3}},"2":{"start":{"line":5,"column":4},"end":{"line":5,"column":64}},"3":{"start":{"line":5,"column":35},"end":{"line":5,"column":64}},"4":{"start":{"line":6,"column":4},"end":{"line":6,"column":11}},"5":{"start":{"line":8,"column":4},"end":{"line":8,"column":16}},"6":{"start":{"line":13,"column":2},"end":{"line":28,"column":3}},"7":{"start":{"line":14,"column":17},"end":{"line":14,"column":27}},"8":{"start":{"line":15,"column":15},"end":{"line":15,"column":48}},"9":{"start":{"line":16,"column":4},"end":{"line":16,"column":42}},"10":{"start":{"line":16,"column":15},"end":{"line":16,"column":42}},"11":{"start":{"line":17,"column":4},"end":{"line":25,"column":5}},"12":{"start":{"line":18,"column":6},"end":{"line":18,"column":13}},"13":{"start":{"line":20,"column":6},"end":{"line":24,"column":7}},"14":{"start":{"line":21,"column":8},"end":{"line":21,"column":15}},"15":{"start":{"line":23,"column":8},"end":{"line":23,"column":36}},"16":{"start":{"line":27,"column":4},"end":{"line":27,"column":16}},"17":{"start":{"line":30,"column":0},"end":{"line":33,"column":2}}},"fnMap":{"0":{"name":"authorizationAdmin","decl":{"start":{"line":3,"column":15},"end":{"line":3,"column":33}},"loc":{"start":{"line":3,"column":50},"end":{"line":10,"column":1}},"line":3},"1":{"name":"authorizationAdminAndStaff","decl":{"start":{"line":12,"column":15},"end":{"line":12,"column":41}},"loc":{"start":{"line":12,"column":58},"end":{"line":29,"column":1}},"line":12}},"branchMap":{"0":{"loc":{"start":{"line":5,"column":4},"end":{"line":5,"column":64}},"type":"if","locations":[{"start":{"line":5,"column":4},"end":{"line":5,"column":64}},{"start":{},"end":{}}],"line":5},"1":{"loc":{"start":{"line":16,"column":4},"end":{"line":16,"column":42}},"type":"if","locations":[{"start":{"line":16,"column":4},"end":{"line":16,"column":42}},{"start":{},"end":{}}],"line":16},"2":{"loc":{"start":{"line":17,"column":4},"end":{"line":25,"column":5}},"type":"if","locations":[{"start":{"line":17,"column":4},"end":{"line":25,"column":5}},{"start":{"line":19,"column":11},"end":{"line":25,"column":5}}],"line":17},"3":{"loc":{"start":{"line":20,"column":6},"end":{"line":24,"column":7}},"type":"if","locations":[{"start":{"line":20,"column":6},"end":{"line":24,"column":7}},{"start":{"line":22,"column":13},"end":{"line":24,"column":7}}],"line":20}},"s":{"0":3,"1":0,"2":0,"3":0,"4":0,"5":0,"6":7,"7":7,"8":7,"9":7,"10":2,"11":5,"12":3,"13":2,"14":0,"15":2,"16":4,"17":3},"f":{"0":0,"1":7},"b":{"0":[0,0],"1":[2,5],"2":[3,2],"3":[0,2]},"_coverageSchema":"1a1c01bbd47fc00a2c39e90264f33305004495a9","hash":"d73a7745edd9d1148e5b4b5586f74f5079a8e53d"}
,"/home/marco/Downloads/lecture/phase2/gradedChallenge/gc01-marcoabelz/middlewares/errorHandler.js": {"path":"/home/marco/Downloads/lecture/phase2/gradedChallenge/gc01-marcoabelz/middlewares/errorHandler.js","statementMap":{"0":{"start":{"line":1,"column":0},"end":{"line":54,"column":2}},"1":{"start":{"line":2,"column":15},"end":{"line":2,"column":32}},"2":{"start":{"line":3,"column":16},"end":{"line":3,"column":54}},"3":{"start":{"line":4,"column":15},"end":{"line":4,"column":19}},"4":{"start":{"line":6,"column":2},"end":{"line":52,"column":3}},"5":{"start":{"line":8,"column":6},"end":{"line":8,"column":19}},"6":{"start":{"line":9,"column":6},"end":{"line":9,"column":47}},"7":{"start":{"line":10,"column":6},"end":{"line":10,"column":12}},"8":{"start":{"line":12,"column":6},"end":{"line":12,"column":19}},"9":{"start":{"line":13,"column":6},"end":{"line":13,"column":52}},"10":{"start":{"line":14,"column":6},"end":{"line":14,"column":12}},"11":{"start":{"line":16,"column":6},"end":{"line":16,"column":19}},"12":{"start":{"line":17,"column":6},"end":{"line":17,"column":52}},"13":{"start":{"line":17,"column":39},"end":{"line":17,"column":50}},"14":{"start":{"line":18,"column":6},"end":{"line":18,"column":23}},"15":{"start":{"line":19,"column":6},"end":{"line":19,"column":12}},"16":{"start":{"line":21,"column":6},"end":{"line":21,"column":19}},"17":{"start":{"line":22,"column":6},"end":{"line":22,"column":34}},"18":{"start":{"line":23,"column":6},"end":{"line":23,"column":12}},"19":{"start":{"line":25,"column":6},"end":{"line":25,"column":19}},"20":{"start":{"line":26,"column":6},"end":{"line":26,"column":52}},"21":{"start":{"line":26,"column":39},"end":{"line":26,"column":50}},"22":{"start":{"line":27,"column":6},"end":{"line":27,"column":23}},"23":{"start":{"line":28,"column":6},"end":{"line":28,"column":12}},"24":{"start":{"line":30,"column":6},"end":{"line":30,"column":19}},"25":{"start":{"line":31,"column":6},"end":{"line":31,"column":38}},"26":{"start":{"line":32,"column":6},"end":{"line":32,"column":12}},"27":{"start":{"line":34,"column":6},"end":{"line":34,"column":19}},"28":{"start":{"line":35,"column":6},"end":{"line":35,"column":35}},"29":{"start":{"line":36,"column":6},"end":{"line":36,"column":12}},"30":{"start":{"line":39,"column":6},"end":{"line":39,"column":19}},"31":{"start":{"line":40,"column":6},"end":{"line":40,"column":32}},"32":{"start":{"line":41,"column":6},"end":{"line":41,"column":12}},"33":{"start":{"line":44,"column":6},"end":{"line":44,"column":19}},"34":{"start":{"line":45,"column":6},"end":{"line":45,"column":45}},"35":{"start":{"line":46,"column":6},"end":{"line":46,"column":12}},"36":{"start":{"line":49,"column":6},"end":{"line":49,"column":19}},"37":{"start":{"line":50,"column":6},"end":{"line":50,"column":33}},"38":{"start":{"line":51,"column":6},"end":{"line":51,"column":12}},"39":{"start":{"line":53,"column":2},"end":{"line":53,"column":37}}},"fnMap":{"0":{"name":"errorHandler","decl":{"start":{"line":1,"column":26},"end":{"line":1,"column":38}},"loc":{"start":{"line":1,"column":60},"end":{"line":54,"column":1}},"line":1},"1":{"name":"(anonymous_1)","decl":{"start":{"line":17,"column":30},"end":{"line":17,"column":31}},"loc":{"start":{"line":17,"column":39},"end":{"line":17,"column":50}},"line":17},"2":{"name":"(anonymous_2)","decl":{"start":{"line":26,"column":30},"end":{"line":26,"column":31}},"loc":{"start":{"line":26,"column":39},"end":{"line":26,"column":50}},"line":26}},"branchMap":{"0":{"loc":{"start":{"line":2,"column":15},"end":{"line":2,"column":32}},"type":"binary-expr","locations":[{"start":{"line":2,"column":15},"end":{"line":2,"column":25}},{"start":{"line":2,"column":29},"end":{"line":2,"column":32}}],"line":2},"1":{"loc":{"start":{"line":3,"column":16},"end":{"line":3,"column":54}},"type":"binary-expr","locations":[{"start":{"line":3,"column":16},"end":{"line":3,"column":27}},{"start":{"line":3,"column":31},"end":{"line":3,"column":54}}],"line":3},"2":{"loc":{"start":{"line":6,"column":2},"end":{"line":52,"column":3}},"type":"switch","locations":[{"start":{"line":7,"column":4},"end":{"line":10,"column":12}},{"start":{"line":11,"column":4},"end":{"line":14,"column":12}},{"start":{"line":15,"column":4},"end":{"line":19,"column":12}},{"start":{"line":20,"column":4},"end":{"line":23,"column":12}},{"start":{"line":24,"column":4},"end":{"line":28,"column":12}},{"start":{"line":29,"column":4},"end":{"line":32,"column":12}},{"start":{"line":33,"column":4},"end":{"line":36,"column":12}},{"start":{"line":37,"column":4},"end":{"line":37,"column":25}},{"start":{"line":38,"column":4},"end":{"line":41,"column":12}},{"start":{"line":43,"column":4},"end":{"line":46,"column":12}},{"start":{"line":48,"column":4},"end":{"line":51,"column":12}}],"line":6}},"s":{"0":3,"1":17,"2":17,"3":17,"4":17,"5":2,"6":2,"7":2,"8":2,"9":2,"10":2,"11":2,"12":2,"13":2,"14":2,"15":2,"16":3,"17":3,"18":3,"19":0,"20":0,"21":0,"22":0,"23":0,"24":0,"25":0,"26":0,"27":2,"28":2,"29":2,"30":4,"31":4,"32":4,"33":0,"34":0,"35":0,"36":2,"37":2,"38":2,"39":17},"f":{"0":17,"1":2,"2":0},"b":{"0":[17,17],"1":[17,11],"2":[2,2,2,3,0,0,2,0,4,0,2]},"_coverageSchema":"1a1c01bbd47fc00a2c39e90264f33305004495a9","hash":"abdfd030174b8e9561567f2cad6086e65c139c0a"}
,"/home/marco/Downloads/lecture/phase2/gradedChallenge/gc01-marcoabelz/models/index.js": {"path":"/home/marco/Downloads/lecture/phase2/gradedChallenge/gc01-marcoabelz/models/index.js","statementMap":{"0":{"start":{"line":3,"column":11},"end":{"line":3,"column":24}},"1":{"start":{"line":4,"column":13},"end":{"line":4,"column":28}},"2":{"start":{"line":5,"column":18},"end":{"line":5,"column":38}},"3":{"start":{"line":6,"column":16},"end":{"line":6,"column":34}},"4":{"start":{"line":7,"column":17},"end":{"line":7,"column":42}},"5":{"start":{"line":8,"column":12},"end":{"line":8,"column":49}},"6":{"start":{"line":9,"column":15},"end":{"line":9,"column":65}},"7":{"start":{"line":10,"column":11},"end":{"line":10,"column":13}},"8":{"start":{"line":13,"column":0},"end":{"line":22,"column":1}},"9":{"start":{"line":14,"column":2},"end":{"line":14,"column":74}},"10":{"start":{"line":16,"column":2},"end":{"line":21,"column":4}},"11":{"start":{"line":24,"column":0},"end":{"line":39,"column":5}},"12":{"start":{"line":26,"column":4},"end":{"line":31,"column":6}},"13":{"start":{"line":34,"column":18},"end":{"line":37,"column":5}},"14":{"start":{"line":38,"column":4},"end":{"line":38,"column":27}},"15":{"start":{"line":41,"column":0},"end":{"line":45,"column":3}},"16":{"start":{"line":42,"column":2},"end":{"line":44,"column":3}},"17":{"start":{"line":43,"column":4},"end":{"line":43,"column":32}},"18":{"start":{"line":47,"column":0},"end":{"line":47,"column":25}},"19":{"start":{"line":48,"column":0},"end":{"line":48,"column":25}},"20":{"start":{"line":50,"column":0},"end":{"line":50,"column":20}}},"fnMap":{"0":{"name":"(anonymous_0)","decl":{"start":{"line":25,"column":10},"end":{"line":25,"column":11}},"loc":{"start":{"line":25,"column":20},"end":{"line":32,"column":3}},"line":25},"1":{"name":"(anonymous_1)","decl":{"start":{"line":33,"column":11},"end":{"line":33,"column":12}},"loc":{"start":{"line":33,"column":21},"end":{"line":39,"column":3}},"line":33},"2":{"name":"(anonymous_2)","decl":{"start":{"line":41,"column":24},"end":{"line":41,"column":25}},"loc":{"start":{"line":41,"column":39},"end":{"line":45,"column":1}},"line":41}},"branchMap":{"0":{"loc":{"start":{"line":8,"column":12},"end":{"line":8,"column":49}},"type":"binary-expr","locations":[{"start":{"line":8,"column":12},"end":{"line":8,"column":32}},{"start":{"line":8,"column":36},"end":{"line":8,"column":49}}],"line":8},"1":{"loc":{"start":{"line":13,"column":0},"end":{"line":22,"column":1}},"type":"if","locations":[{"start":{"line":13,"column":0},"end":{"line":22,"column":1}},{"start":{"line":15,"column":7},"end":{"line":22,"column":1}}],"line":13},"2":{"loc":{"start":{"line":27,"column":6},"end":{"line":30,"column":37}},"type":"binary-expr","locations":[{"start":{"line":27,"column":6},"end":{"line":27,"column":29}},{"start":{"line":28,"column":6},"end":{"line":28,"column":23}},{"start":{"line":29,"column":6},"end":{"line":29,"column":30}},{"start":{"line":30,"column":6},"end":{"line":30,"column":37}}],"line":27},"3":{"loc":{"start":{"line":42,"column":2},"end":{"line":44,"column":3}},"type":"if","locations":[{"start":{"line":42,"column":2},"end":{"line":44,"column":3}},{"start":{},"end":{}}],"line":42}},"s":{"0":3,"1":3,"2":3,"3":3,"4":3,"5":3,"6":3,"7":3,"8":3,"9":0,"10":3,"11":3,"12":12,"13":9,"14":9,"15":3,"16":9,"17":9,"18":3,"19":3,"20":3},"f":{"0":12,"1":9,"2":9},"b":{"0":[3,0],"1":[0,3],"2":[12,12,9,9],"3":[9,0]},"_coverageSchema":"1a1c01bbd47fc00a2c39e90264f33305004495a9","hash":"6d34100fee9f8a44faaac540656076ff8f809085"}
,"/home/marco/Downloads/lecture/phase2/gradedChallenge/gc01-marcoabelz/models/transportation.js": {"path":"/home/marco/Downloads/lecture/phase2/gradedChallenge/gc01-marcoabelz/models/transportation.js","statementMap":{"0":{"start":{"line":2,"column":18},"end":{"line":2,"column":38}},"1":{"start":{"line":3,"column":15},"end":{"line":3,"column":35}},"2":{"start":{"line":5,"column":0},"end":{"line":94,"column":2}},"3":{"start":{"line":14,"column":6},"end":{"line":14,"column":70}},"4":{"start":{"line":15,"column":6},"end":{"line":15,"column":72}},"5":{"start":{"line":18,"column":2},"end":{"line":92,"column":4}},"6":{"start":{"line":93,"column":2},"end":{"line":93,"column":24}}},"fnMap":{"0":{"name":"(anonymous_0)","decl":{"start":{"line":5,"column":17},"end":{"line":5,"column":18}},"loc":{"start":{"line":5,"column":43},"end":{"line":94,"column":1}},"line":5},"1":{"name":"(anonymous_1)","decl":{"start":{"line":12,"column":4},"end":{"line":12,"column":5}},"loc":{"start":{"line":12,"column":29},"end":{"line":16,"column":5}},"line":12}},"branchMap":{},"s":{"0":3,"1":3,"2":3,"3":3,"4":3,"5":3,"6":3},"f":{"0":3,"1":3},"b":{},"_coverageSchema":"1a1c01bbd47fc00a2c39e90264f33305004495a9","hash":"d3dbc7da728947c5e1c6452c59d8ff0733559895"}
,"/home/marco/Downloads/lecture/phase2/gradedChallenge/gc01-marcoabelz/models/type.js": {"path":"/home/marco/Downloads/lecture/phase2/gradedChallenge/gc01-marcoabelz/models/type.js","statementMap":{"0":{"start":{"line":2,"column":18},"end":{"line":2,"column":38}},"1":{"start":{"line":3,"column":0},"end":{"line":36,"column":2}},"2":{"start":{"line":12,"column":6},"end":{"line":12,"column":68}},"3":{"start":{"line":15,"column":2},"end":{"line":34,"column":4}},"4":{"start":{"line":35,"column":2},"end":{"line":35,"column":14}}},"fnMap":{"0":{"name":"(anonymous_0)","decl":{"start":{"line":3,"column":17},"end":{"line":3,"column":18}},"loc":{"start":{"line":3,"column":43},"end":{"line":36,"column":1}},"line":3},"1":{"name":"(anonymous_1)","decl":{"start":{"line":10,"column":4},"end":{"line":10,"column":5}},"loc":{"start":{"line":10,"column":29},"end":{"line":13,"column":5}},"line":10}},"branchMap":{},"s":{"0":3,"1":3,"2":3,"3":3,"4":3},"f":{"0":3,"1":3},"b":{},"_coverageSchema":"1a1c01bbd47fc00a2c39e90264f33305004495a9","hash":"4e493c13c0d25094cab2bb2fffb059ad1acbbf60"}
,"/home/marco/Downloads/lecture/phase2/gradedChallenge/gc01-marcoabelz/models/user.js": {"path":"/home/marco/Downloads/lecture/phase2/gradedChallenge/gc01-marcoabelz/models/user.js","statementMap":{"0":{"start":{"line":2,"column":18},"end":{"line":2,"column":38}},"1":{"start":{"line":3,"column":25},"end":{"line":3,"column":53}},"2":{"start":{"line":4,"column":0},"end":{"line":83,"column":2}},"3":{"start":{"line":13,"column":6},"end":{"line":13,"column":70}},"4":{"start":{"line":16,"column":2},"end":{"line":77,"column":4}},"5":{"start":{"line":78,"column":2},"end":{"line":81,"column":5}},"6":{"start":{"line":79,"column":4},"end":{"line":79,"column":24}},"7":{"start":{"line":80,"column":4},"end":{"line":80,"column":48}},"8":{"start":{"line":82,"column":2},"end":{"line":82,"column":14}}},"fnMap":{"0":{"name":"(anonymous_0)","decl":{"start":{"line":4,"column":17},"end":{"line":4,"column":18}},"loc":{"start":{"line":4,"column":43},"end":{"line":83,"column":1}},"line":4},"1":{"name":"(anonymous_1)","decl":{"start":{"line":11,"column":4},"end":{"line":11,"column":5}},"loc":{"start":{"line":11,"column":29},"end":{"line":14,"column":5}},"line":11},"2":{"name":"(anonymous_2)","decl":{"start":{"line":78,"column":20},"end":{"line":78,"column":21}},"loc":{"start":{"line":78,"column":38},"end":{"line":81,"column":3}},"line":78}},"branchMap":{},"s":{"0":3,"1":3,"2":3,"3":3,"4":3,"5":3,"6":1,"7":1,"8":3},"f":{"0":3,"1":3,"2":1},"b":{},"_coverageSchema":"1a1c01bbd47fc00a2c39e90264f33305004495a9","hash":"0d906ba69583599b9b45126993de47e566882b8b"}
,"/home/marco/Downloads/lecture/phase2/gradedChallenge/gc01-marcoabelz/routers/index.js": {"path":"/home/marco/Downloads/lecture/phase2/gradedChallenge/gc01-marcoabelz/routers/index.js","statementMap":{"0":{"start":{"line":1,"column":16},"end":{"line":1,"column":34}},"1":{"start":{"line":2,"column":15},"end":{"line":2,"column":31}},"2":{"start":{"line":4,"column":33},"end":{"line":4,"column":83}},"3":{"start":{"line":5,"column":23},"end":{"line":5,"column":63}},"4":{"start":{"line":6,"column":23},"end":{"line":6,"column":63}},"5":{"start":{"line":8,"column":23},"end":{"line":8,"column":63}},"6":{"start":{"line":12,"column":4},"end":{"line":12,"column":43}},"7":{"start":{"line":13,"column":15},"end":{"line":13,"column":32}},"8":{"start":{"line":14,"column":16},"end":{"line":14,"column":38}},"9":{"start":{"line":15,"column":15},"end":{"line":15,"column":43}},"10":{"start":{"line":18,"column":0},"end":{"line":21,"column":2}},"11":{"start":{"line":22,"column":0},"end":{"line":25,"column":2}},"12":{"start":{"line":30,"column":0},"end":{"line":30,"column":44}},"13":{"start":{"line":32,"column":0},"end":{"line":37,"column":2}},"14":{"start":{"line":43,"column":0},"end":{"line":47,"column":2}},"15":{"start":{"line":50,"column":0},"end":{"line":54,"column":2}},"16":{"start":{"line":57,"column":0},"end":{"line":61,"column":2}},"17":{"start":{"line":64,"column":0},"end":{"line":69,"column":2}},"18":{"start":{"line":72,"column":0},"end":{"line":77,"column":2}},"19":{"start":{"line":79,"column":0},"end":{"line":85,"column":2}},"20":{"start":{"line":90,"column":0},"end":{"line":90,"column":62}},"21":{"start":{"line":93,"column":0},"end":{"line":93,"column":62}},"22":{"start":{"line":96,"column":0},"end":{"line":101,"column":2}},"23":{"start":{"line":104,"column":0},"end":{"line":109,"column":2}},"24":{"start":{"line":112,"column":0},"end":{"line":112,"column":24}}},"fnMap":{},"branchMap":{},"s":{"0":3,"1":3,"2":3,"3":3,"4":3,"5":3,"6":3,"7":3,"8":3,"9":3,"10":3,"11":3,"12":3,"13":3,"14":3,"15":3,"16":3,"17":3,"18":3,"19":3,"20":3,"21":3,"22":3,"23":3,"24":3},"f":{},"b":{},"_coverageSchema":"1a1c01bbd47fc00a2c39e90264f33305004495a9","hash":"785fcbb13c8b3414e12d820c52704b8519c3b18c"}
}
