TN:
SF:app.js
FNF:0
FNH:0
DA:1,3
DA:2,3
DA:4,3
DA:7,3
DA:8,3
DA:10,3
DA:12,3
DA:13,3
DA:15,3
DA:16,3
DA:22,3
LF:11
LH:11
BRDA:1,0,0,3
BRDA:1,0,1,0
BRF:2
BRH:1
end_of_record
TN:
SF:controllers/TransportationController.js
FN:12,(anonymous_0)
FN:33,(anonymous_1)
FN:51,(anonymous_2)
FN:116,(anonymous_3)
FN:130,(anonymous_4)
FN:151,(anonymous_5)
FN:176,(anonymous_6)
FN:193,(anonymous_7)
FNF:8
FNH:5
FNDA:2,(anonymous_0)
FNDA:0,(anonymous_1)
FNDA:3,(anonymous_2)
FNDA:0,(anonymous_3)
FNDA:2,(anonymous_4)
FNDA:2,(anonymous_5)
FNDA:1,(anonymous_6)
FNDA:0,(anonymous_7)
DA:1,3
DA:2,3
DA:3,3
DA:5,3
DA:13,2
DA:14,2
DA:15,2
DA:24,1
DA:29,1
DA:34,0
DA:35,0
DA:45,0
DA:47,0
DA:52,3
DA:53,3
DA:54,3
DA:57,3
DA:58,0
DA:64,3
DA:65,1
DA:66,1
DA:68,1
DA:72,3
DA:73,3
DA:75,3
DA:82,1
DA:83,1
DA:84,1
DA:87,1
DA:88,1
DA:89,1
DA:93,3
DA:94,0
DA:101,3
DA:104,3
DA:112,0
DA:117,0
DA:118,0
DA:119,0
DA:120,0
DA:121,0
DA:123,0
DA:126,0
DA:131,2
DA:132,2
DA:133,2
DA:141,2
DA:142,1
DA:144,1
DA:147,1
DA:152,2
DA:153,2
DA:154,2
DA:155,2
DA:156,2
DA:157,0
DA:159,2
DA:167,1
DA:172,1
DA:177,1
DA:178,1
DA:179,1
DA:180,1
DA:181,0
DA:183,1
DA:184,1
DA:189,0
DA:194,0
DA:195,0
DA:196,0
DA:201,0
DA:202,0
DA:203,0
DA:204,0
DA:205,0
DA:206,0
DA:214,0
DA:216,0
DA:221,3
LF:79
LH:51
BRDA:57,0,0,0
BRDA:57,0,1,3
BRDA:64,1,0,1
BRDA:64,1,1,2
BRDA:65,2,0,0
BRDA:65,2,1,1
BRDA:66,3,0,0
BRDA:66,3,1,1
BRDA:75,4,0,1
BRDA:75,4,1,2
BRDA:82,5,0,1
BRDA:82,5,1,0
BRDA:87,6,0,1
BRDA:87,6,1,0
BRDA:93,7,0,0
BRDA:93,7,1,3
BRDA:120,8,0,0
BRDA:120,8,1,0
BRDA:141,9,0,1
BRDA:141,9,1,1
BRDA:156,10,0,0
BRDA:156,10,1,2
BRDA:180,11,0,0
BRDA:180,11,1,1
BRDA:195,12,0,0
BRDA:195,12,1,0
BRDA:205,13,0,0
BRDA:205,13,1,0
BRF:28
BRH:14
end_of_record
TN:
SF:controllers/TypeController.js
FN:4,(anonymous_0)
FN:20,(anonymous_1)
FN:29,(anonymous_2)
FN:50,(anonymous_3)
FNF:4
FNH:0
FNDA:0,(anonymous_0)
FNDA:0,(anonymous_1)
FNDA:0,(anonymous_2)
FNDA:0,(anonymous_3)
DA:1,3
DA:5,0
DA:6,0
DA:7,0
DA:9,0
DA:10,0
DA:21,0
DA:22,0
DA:23,0
DA:25,0
DA:30,0
DA:31,0
DA:32,0
DA:33,0
DA:34,0
DA:36,0
DA:37,0
DA:40,0
DA:51,0
DA:52,0
DA:53,0
DA:54,0
DA:55,0
DA:58,0
DA:59,0
DA:62,0
DA:68,3
LF:27
LH:2
BRDA:33,0,0,0
BRDA:33,0,1,0
BRDA:54,1,0,0
BRDA:54,1,1,0
BRF:4
BRH:0
end_of_record
TN:
SF:controllers/UserController.js
FN:6,(anonymous_0)
FN:36,(anonymous_1)
FNF:2
FNH:1
FNDA:0,(anonymous_0)
FNDA:5,(anonymous_1)
DA:1,3
DA:2,3
DA:3,3
DA:7,0
DA:8,0
DA:9,0
DA:17,0
DA:18,0
DA:23,0
DA:37,5
DA:39,5
DA:40,5
DA:41,4
DA:42,3
DA:47,3
DA:48,2
DA:50,1
DA:53,4
DA:58,3
LF:19
LH:13
BRDA:40,0,0,1
BRDA:40,0,1,4
BRDA:41,1,0,1
BRDA:41,1,1,3
BRDA:47,2,0,2
BRDA:47,2,1,1
BRDA:47,3,0,3
BRDA:47,3,1,1
BRF:8
BRH:8
end_of_record
TN:
SF:helpers/bcrypt.js
FN:4,(anonymous_0)
FN:7,(anonymous_1)
FNF:2
FNH:2
FNDA:5,(anonymous_0)
FNDA:1,(anonymous_1)
DA:1,3
DA:3,3
DA:5,5
DA:8,1
LF:4
LH:4
BRF:0
BRH:0
end_of_record
TN:
SF:helpers/jwt.js
FN:6,(anonymous_0)
FN:7,(anonymous_1)
FNF:2
FNH:2
FNDA:3,(anonymous_0)
FNDA:13,(anonymous_1)
DA:2,3
DA:3,3
DA:5,3
DA:6,3
DA:7,13
LF:5
LH:5
BRF:0
BRH:0
end_of_record
TN:
SF:middlewares/authentication.js
FN:4,authentication
FNF:1
FNH:1
FNDA:15,authentication
DA:1,3
DA:2,3
DA:4,3
DA:5,15
DA:6,15
DA:8,15
DA:9,2
DA:13,13
DA:14,13
DA:17,13
DA:20,9
DA:21,9
DA:24,9
DA:28,9
DA:30,6
LF:15
LH:15
BRDA:8,0,0,2
BRDA:8,0,1,13
BRDA:14,1,0,0
BRDA:14,1,1,13
BRDA:21,2,0,0
BRDA:21,2,1,9
BRF:6
BRH:4
end_of_record
TN:
SF:middlewares/authorization.js
FN:3,authorizationAdmin
FN:12,authorizationAdminAndStaff
FNF:2
FNH:1
FNDA:0,authorizationAdmin
FNDA:7,authorizationAdminAndStaff
DA:1,3
DA:4,0
DA:5,0
DA:6,0
DA:8,0
DA:13,7
DA:14,7
DA:15,7
DA:16,7
DA:17,5
DA:18,3
DA:20,2
DA:21,0
DA:23,2
DA:27,4
DA:30,3
LF:16
LH:11
BRDA:5,0,0,0
BRDA:5,0,1,0
BRDA:16,1,0,2
BRDA:16,1,1,5
BRDA:17,2,0,3
BRDA:17,2,1,2
BRDA:20,3,0,0
BRDA:20,3,1,2
BRF:8
BRH:5
end_of_record
TN:
SF:middlewares/errorHandler.js
FN:1,errorHandler
FN:17,(anonymous_1)
FN:26,(anonymous_2)
FNF:3
FNH:2
FNDA:17,errorHandler
FNDA:2,(anonymous_1)
FNDA:0,(anonymous_2)
DA:1,3
DA:2,17
DA:3,17
DA:4,17
DA:6,17
DA:8,2
DA:9,2
DA:10,2
DA:12,2
DA:13,2
DA:14,2
DA:16,2
DA:17,2
DA:18,2
DA:19,2
DA:21,3
DA:22,3
DA:23,3
DA:25,0
DA:26,0
DA:27,0
DA:28,0
DA:30,0
DA:31,0
DA:32,0
DA:34,2
DA:35,2
DA:36,2
DA:39,4
DA:40,4
DA:41,4
DA:44,0
DA:45,0
DA:46,0
DA:49,2
DA:50,2
DA:51,2
DA:53,17
LF:38
LH:28
BRDA:2,0,0,17
BRDA:2,0,1,17
BRDA:3,1,0,17
BRDA:3,1,1,11
BRDA:6,2,0,2
BRDA:6,2,1,2
BRDA:6,2,2,2
BRDA:6,2,3,3
BRDA:6,2,4,0
BRDA:6,2,5,0
BRDA:6,2,6,2
BRDA:6,2,7,0
BRDA:6,2,8,4
BRDA:6,2,9,0
BRDA:6,2,10,2
BRF:15
BRH:11
end_of_record
TN:
SF:models/index.js
FN:25,(anonymous_0)
FN:33,(anonymous_1)
FN:41,(anonymous_2)
FNF:3
FNH:3
FNDA:12,(anonymous_0)
FNDA:9,(anonymous_1)
FNDA:9,(anonymous_2)
DA:3,3
DA:4,3
DA:5,3
DA:6,3
DA:7,3
DA:8,3
DA:9,3
DA:10,3
DA:13,3
DA:14,0
DA:16,3
DA:24,3
DA:26,12
DA:34,9
DA:38,9
DA:41,3
DA:42,9
DA:43,9
DA:47,3
DA:48,3
DA:50,3
LF:21
LH:20
BRDA:8,0,0,3
BRDA:8,0,1,0
BRDA:13,1,0,0
BRDA:13,1,1,3
BRDA:27,2,0,12
BRDA:27,2,1,12
BRDA:27,2,2,9
BRDA:27,2,3,9
BRDA:42,3,0,9
BRDA:42,3,1,0
BRF:10
BRH:7
end_of_record
TN:
SF:models/transportation.js
FN:5,(anonymous_0)
FN:12,(anonymous_1)
FNF:2
FNH:2
FNDA:3,(anonymous_0)
FNDA:3,(anonymous_1)
DA:2,3
DA:3,3
DA:5,3
DA:14,3
DA:15,3
DA:18,3
DA:93,3
LF:7
LH:7
BRF:0
BRH:0
end_of_record
TN:
SF:models/type.js
FN:3,(anonymous_0)
FN:10,(anonymous_1)
FNF:2
FNH:2
FNDA:3,(anonymous_0)
FNDA:3,(anonymous_1)
DA:2,3
DA:3,3
DA:12,3
DA:15,3
DA:35,3
LF:5
LH:5
BRF:0
BRH:0
end_of_record
TN:
SF:models/user.js
FN:4,(anonymous_0)
FN:11,(anonymous_1)
FN:78,(anonymous_2)
FNF:3
FNH:3
FNDA:3,(anonymous_0)
FNDA:3,(anonymous_1)
FNDA:1,(anonymous_2)
DA:2,3
DA:3,3
DA:4,3
DA:13,3
DA:16,3
DA:78,3
DA:79,1
DA:80,1
DA:82,3
LF:9
LH:9
BRF:0
BRH:0
end_of_record
TN:
SF:routers/index.js
FNF:0
FNH:0
DA:1,3
DA:2,3
DA:4,3
DA:5,3
DA:6,3
DA:8,3
DA:12,3
DA:13,3
DA:14,3
DA:15,3
DA:18,3
DA:22,3
DA:30,3
DA:32,3
DA:43,3
DA:50,3
DA:57,3
DA:64,3
DA:72,3
DA:79,3
DA:90,3
DA:93,3
DA:96,3
DA:104,3
DA:112,3
LF:25
LH:25
BRF:0
BRH:0
end_of_record
